<?xml version="1.0" encoding="UTF-8"?>
<!-- Generated by org.testng.reporters.JUnitXMLReporter -->
<testsuite hostname="AutomationNinja" ignored="0" name="Test" tests="6" failures="0" timestamp="2021-06-08T13:15:26 IST" time="80.436" errors="0">
  <testcase name="basePageNavigation" time="17.03" classname="Myselenium.sessions.HomePage"/>
  <testcase name="basePageNavigation" time="12.747" classname="Myselenium.sessions.HomePage"/>
  <testcase name="basePageNavigation" time="12.965" classname="Myselenium.sessions.HomePage"/>
  <testcase name="basePageNavigation" time="12.84" classname="Myselenium.sessions.HomePage"/>
  <testcase name="basePageNavigation" time="12.318" classname="Myselenium.sessions.HomePage"/>
  <testcase name="basePageNavigation" time="12.453" classname="Myselenium.sessions.HomePage"/>
</testsuite> <!-- Test -->
