<?xml version="1.0" encoding="UTF-8"?>
<testng-results ignored="0" total="1" passed="1" failed="0" skipped="0">
  <reporter-output>
  </reporter-output>
  <suite started-at="2020-08-27T22:26:19 IST" name="Suite" finished-at="2020-08-27T22:26:33 IST" duration-ms="14210">
    <groups>
    </groups>
    <test started-at="2020-08-27T22:26:19 IST" name="Test" finished-at="2020-08-27T22:26:33 IST" duration-ms="14210">
      <class name="Myselenium.sessions.HomePage">
        <test-method signature="basePageNavigation(java.lang.String, java.lang.String, java.lang.String)[pri:0, instance:Myselenium.sessions.HomePage@48fa0f47]" started-at="2020-08-27T22:26:19 IST" name="basePageNavigation" data-provider="getData" finished-at="2020-08-27T22:26:33 IST" duration-ms="14171" status="PASS">
          <params>
            <param index="0">
              <value>
                <![CDATA[Acdsh@gmas.com]]>
              </value>
            </param>
            <param index="1">
              <value>
                <![CDATA[125888]]>
              </value>
            </param>
            <param index="2">
              <value>
                <![CDATA[User 1]]>
              </value>
            </param>
          </params>
          <reporter-output>
          </reporter-output>
        </test-method> <!-- basePageNavigation -->
      </class> <!-- Myselenium.sessions.HomePage -->
    </test> <!-- Test -->
  </suite> <!-- Suite -->
</testng-results>
